<?xml version="1.0" encoding="UTF-8"?>
<!-- Generated by org.testng.reporters.JUnitXMLReporter -->
<testsuite hostname="LAPTOP-MOFQUI6M" ignored="0" name="Test" tests="4" failures="0" timestamp="28 Feb 2019 05:26:42 GMT" time="0.026" errors="0">
  <testcase name="browserAutomation" time="0.005" classname="gmracademy.SeleniumTest"/>
  <testcase name="elementsUI" time="0.0" classname="gmracademy.SeleniumTest"/>
  <testcase name="deleteTwitter" time="0.001" classname="gmracademy.RESTAPITest"/>
  <testcase name="postJira" time="0.0" classname="gmracademy.RESTAPITest"/>
</testsuite> <!-- Test -->
