<?xml version="1.0" encoding="UTF-8"?>
<testng-results skipped="0" failed="0" ignored="0" total="4" passed="4">
  <reporter-output>
  </reporter-output>
  <suite name="Suite" duration-ms="26" started-at="2019-02-28T05:26:41Z" finished-at="2019-02-28T05:26:41Z">
    <groups>
    </groups>
    <test name="Test" duration-ms="26" started-at="2019-02-28T05:26:41Z" finished-at="2019-02-28T05:26:41Z">
      <class name="gmracademy.SeleniumTest">
        <test-method status="PASS" signature="browserAutomation()[pri:0, instance:gmracademy.SeleniumTest@61dc03ce]" name="browserAutomation" duration-ms="5" started-at="2019-02-28T05:26:41Z" finished-at="2019-02-28T05:26:41Z">
          <reporter-output>
          </reporter-output>
        </test-method> <!-- browserAutomation -->
        <test-method status="PASS" signature="elementsUI()[pri:0, instance:gmracademy.SeleniumTest@61dc03ce]" name="elementsUI" duration-ms="0" started-at="2019-02-28T05:26:41Z" finished-at="2019-02-28T05:26:41Z">
          <reporter-output>
          </reporter-output>
        </test-method> <!-- elementsUI -->
      </class> <!-- gmracademy.SeleniumTest -->
      <class name="gmracademy.RESTAPITest">
        <test-method status="PASS" signature="deleteTwitter()[pri:0, instance:gmracademy.RESTAPITest@50f8360d]" name="deleteTwitter" duration-ms="1" started-at="2019-02-28T05:26:41Z" finished-at="2019-02-28T05:26:41Z">
          <reporter-output>
          </reporter-output>
        </test-method> <!-- deleteTwitter -->
        <test-method status="PASS" signature="postJira()[pri:0, instance:gmracademy.RESTAPITest@50f8360d]" name="postJira" duration-ms="0" started-at="2019-02-28T05:26:41Z" finished-at="2019-02-28T05:26:41Z">
          <reporter-output>
          </reporter-output>
        </test-method> <!-- postJira -->
      </class> <!-- gmracademy.RESTAPITest -->
    </test> <!-- Test -->
  </suite> <!-- Suite -->
</testng-results>
